<?xml version="1.0" encoding="UTF-8"?>
<!-- Generated by org.testng.reporters.JUnitReportReporter -->
<testsuite hostname="LAPTOP-8J3R7791" failures="0" tests="1" name="com.qa.raybiztech.tests.TC__002_Rbt_Logo_Validation" time="0.073" errors="0" timestamp="28 Dec 2022 08:16:38 GMT" skipped="0">
  <testcase classname="com.qa.raybiztech.tests.TC__002_Rbt_Logo_Validation" name="rbtLogoValidation" time="0.073"/>
</testsuite> <!-- com.qa.raybiztech.tests.TC__002_Rbt_Logo_Validation -->
