<?xml version="1.0" encoding="UTF-8"?>
<!-- Generated by org.testng.reporters.JUnitReportReporter -->
<testsuite hostname="LAPTOP-8J3R7791" failures="0" tests="2" name="com.qa.raybiztech.tests.ArtificialIntelligence_Page_Test" time="1.157" errors="0" timestamp="2023-01-09T00:11:53 IST" skipped="0">
  <testcase classname="com.qa.raybiztech.tests.ArtificialIntelligence_Page_Test" name="ArtificialIntelligencePageTitleValidation" time="0.040"/>
  <system-out/>
  <testcase classname="com.qa.raybiztech.tests.ArtificialIntelligence_Page_Test" name="artificialIntelligenceHeader" time="1.117"/>
  <system-out/>
</testsuite> <!-- com.qa.raybiztech.tests.ArtificialIntelligence_Page_Test -->
