<?xml version="1.0" encoding="UTF-8"?>
<!-- Generated by org.testng.reporters.JUnitReportReporter -->
<testsuite hostname="LAPTOP-8J3R7791" failures="0" tests="1" name="com.qa.raybiztech.tests.TC_001_Rbt_Page_Title_Validation" time="0.032" errors="0" timestamp="26 Dec 2022 07:09:44 GMT" skipped="0">
  <testcase classname="com.qa.raybiztech.tests.TC_001_Rbt_Page_Title_Validation" name="homePageTitleValidation" time="0.032"/>
</testsuite> <!-- com.qa.raybiztech.tests.TC_001_Rbt_Page_Title_Validation -->
