<?xml version="1.0" encoding="UTF-8"?>
<!-- Generated by org.testng.reporters.JUnitReportReporter -->
<testsuite hostname="LAPTOP-8J3R7791" failures="0" tests="1" name="com.qa.raybiztech.tests.TC_001" time="0.010" errors="0" timestamp="25 Dec 2022 22:18:44 GMT" skipped="0">
  <testcase classname="com.qa.raybiztech.tests.TC_001" name="homePageTitleValidation" time="0.010"/>
</testsuite> <!-- com.qa.raybiztech.tests.TC_001 -->
