<?xml version="1.0" encoding="UTF-8"?>
<!-- Generated by org.testng.reporters.JUnitReportReporter -->
<testsuite hostname="LAPTOP-8J3R7791" failures="0" tests="2" name="com.qa.raybiztech.tests.Home_Page_Test" time="1.136" errors="0" timestamp="2023-01-09T00:18:16 IST" skipped="0">
  <testcase classname="com.qa.raybiztech.tests.Home_Page_Test" name="rbtLogoValidation" time="1.097"/>
  <system-out/>
  <testcase classname="com.qa.raybiztech.tests.Home_Page_Test" name="homePageTitleValidation" time="0.039"/>
  <system-out/>
</testsuite> <!-- com.qa.raybiztech.tests.Home_Page_Test -->
