<?xml version="1.0" encoding="UTF-8"?>
<!-- Generated by org.testng.reporters.JUnitReportReporter -->
<testsuite hostname="LAPTOP-8J3R7791" failures="0" tests="2" name="com.qa.raybiztech.tests.ArtificialIntelligencePageTest" time="1.031" errors="0" timestamp="2023-01-09T15:20:27 IST" skipped="0">
  <testcase classname="com.qa.raybiztech.tests.ArtificialIntelligencePageTest" name="ArtificialIntelligencePageTitleValidation" time="0.019"/>
  <system-out/>
  <testcase classname="com.qa.raybiztech.tests.ArtificialIntelligencePageTest" name="artificialIntelligenceHeader" time="1.012"/>
  <system-out/>
</testsuite> <!-- com.qa.raybiztech.tests.ArtificialIntelligencePageTest -->
