<?xml version="1.0" encoding="UTF-8"?>
<!-- Generated by org.testng.reporters.JUnitReportReporter -->
<testsuite hostname="LAPTOP-8J3R7791" failures="0" tests="4" name="com.qa.raybiztech.tests.ContactPageTest" time="30.717" errors="0" timestamp="2023-01-09T15:20:27 IST" skipped="0">
  <testcase classname="com.qa.raybiztech.tests.ContactPageTest" name="contactRegisterReset" time="8.389"/>
  <system-out/>
  <testcase classname="com.qa.raybiztech.tests.ContactPageTest" name="contactRegisterReset" time="7.470"/>
  <system-out/>
  <testcase classname="com.qa.raybiztech.tests.ContactPageTest" name="contactRegisterReset" time="7.429"/>
  <system-out/>
  <testcase classname="com.qa.raybiztech.tests.ContactPageTest" name="contactRegisterReset" time="7.429"/>
  <system-out/>
</testsuite> <!-- com.qa.raybiztech.tests.ContactPageTest -->
