<?xml version="1.0" encoding="UTF-8"?>
<!-- Generated by org.testng.reporters.JUnitReportReporter -->
<testsuite hostname="LAPTOP-8J3R7791" failures="0" tests="4" name="com.qa.raybiztech.tests.TC_004_Contact_Register_Reset_Validation" time="34.878" errors="0" timestamp="05 Jan 2023 05:50:08 GMT" skipped="0">
  <testcase classname="com.qa.raybiztech.tests.TC_004_Contact_Register_Reset_Validation" name="contactRegisterReset" time="9.535"/>
  <testcase classname="com.qa.raybiztech.tests.TC_004_Contact_Register_Reset_Validation" name="contactRegisterReset" time="8.524"/>
  <testcase classname="com.qa.raybiztech.tests.TC_004_Contact_Register_Reset_Validation" name="contactRegisterReset" time="8.531"/>
  <testcase classname="com.qa.raybiztech.tests.TC_004_Contact_Register_Reset_Validation" name="contactRegisterReset" time="8.288"/>
</testsuite> <!-- com.qa.raybiztech.tests.TC_004_Contact_Register_Reset_Validation -->
